<?xml version="1.0" encoding="UTF-8"?>
<!-- Generated by org.testng.reporters.JUnitReportReporter -->
<testsuite skipped="0" hostname="AUTOBVT-0PRS381" name="test.Proba5" tests="1" failures="0" timestamp="2021-06-12T14:19:06 CEST" time="15.206" errors="0">
  <testcase name="test" time="15.206" classname="test.Proba5"/>
  <system-out/>
</testsuite> <!-- test.Proba5 -->
