<?xml version="1.0" encoding="UTF-8"?>
<!-- Generated by org.testng.reporters.JUnitReportReporter -->
<testsuite skipped="0" hostname="AUTOBVT-0PRS381" name="test.Proba" tests="1" failures="0" timestamp="2021-06-08T21:54:08 CEST" time="10.521" errors="0">
  <testcase name="test" time="10.521" classname="test.Proba"/>
  <system-out/>
</testsuite> <!-- test.Proba -->
