<?xml version="1.0" encoding="UTF-8"?>
<!-- Generated by org.testng.reporters.JUnitReportReporter -->
<testsuite skipped="0" hostname="AUTOBVT-0PRS381" name="mystoreTests.MyPersonalInfoTest" tests="1" failures="0" timestamp="2021-06-13T20:25:51 CEST" time="16.390" errors="0">
  <testcase name="editingPersonalInformation" time="16.390" classname="mystoreTests.MyPersonalInfoTest"/>
  <system-out/>
</testsuite> <!-- mystoreTests.MyPersonalInfoTest -->
