<?xml version="1.0" encoding="UTF-8"?>
<!-- Generated by org.testng.reporters.JUnitReportReporter -->
<testsuite skipped="0" hostname="AUTOBVT-0PRS381" name="mystoreTests.MyStoreAddToCartTests" tests="3" failures="0" timestamp="2021-06-15T20:49:16 CEST" time="50.929" errors="0">
  <testcase name="addingOneItemToCart" time="21.487" classname="mystoreTests.MyStoreAddToCartTests"/>
  <system-out/>
  <testcase name="addingOneItemToCartWithQuantityIncreasing" time="10.925" classname="mystoreTests.MyStoreAddToCartTests"/>
  <system-out/>
  <testcase name="deletingProductFromCart" time="18.517" classname="mystoreTests.MyStoreAddToCartTests"/>
  <system-out/>
</testsuite> <!-- mystoreTests.MyStoreAddToCartTests -->
