<?xml version="1.0" encoding="UTF-8"?>
<!-- Generated by org.testng.reporters.JUnitReportReporter -->
<testsuite skipped="0" hostname="AUTOBVT-0PRS381" name="mystoreTests.MyWishlistsTests" tests="3" failures="0" timestamp="2021-06-13T20:35:08 CEST" time="47.829" errors="0">
  <testcase name="addingWishList" time="17.868" classname="mystoreTests.MyWishlistsTests"/>
  <system-out/>
  <testcase name="removingWishList" time="12.837" classname="mystoreTests.MyWishlistsTests"/>
  <system-out/>
  <testcase name="multipleWishList" time="17.124" classname="mystoreTests.MyWishlistsTests"/>
  <system-out/>
</testsuite> <!-- mystoreTests.MyWishlistsTests -->
