<?xml version="1.0" encoding="UTF-8"?>
<!-- Generated by org.testng.reporters.JUnitReportReporter -->
<testsuite skipped="0" hostname="AUTOBVT-0PRS381" name="mystoreTests.MystoreLoginTest" tests="5" failures="0" timestamp="2021-06-13T20:20:49 CEST" time="52.967" errors="0">
  <testcase name="signInValidCredentials" time="7.640" classname="mystoreTests.MystoreLoginTest"/>
  <system-out/>
  <testcase name="signInWrongEmail" time="6.255" classname="mystoreTests.MystoreLoginTest"/>
  <system-out/>
  <testcase name="signInWrongPassword" time="11.820" classname="mystoreTests.MystoreLoginTest"/>
  <system-out/>
  <testcase name="signInEmptyCredentials" time="17.912" classname="mystoreTests.MystoreLoginTest"/>
  <system-out/>
  <testcase name="logOut" time="9.340" classname="mystoreTests.MystoreLoginTest"/>
  <system-out/>
</testsuite> <!-- mystoreTests.MystoreLoginTest -->
