<?xml version="1.0" encoding="UTF-8"?>
<!-- Generated by org.testng.reporters.JUnitReportReporter -->
<testsuite skipped="0" hostname="AUTOBVT-0PRS381" name="mystoreTests.MyAddressTests" tests="4" failures="0" timestamp="2021-06-13T20:22:42 CEST" time="53.898" errors="0">
  <testcase name="selectingMyAccountSection" time="7.106" classname="mystoreTests.MyAddressTests"/>
  <system-out/>
  <testcase name="updatingAddress" time="21.658" classname="mystoreTests.MyAddressTests"/>
  <system-out/>
  <testcase name="addingNewAddress" time="15.208" classname="mystoreTests.MyAddressTests"/>
  <system-out/>
  <testcase name="removingAddress" time="9.926" classname="mystoreTests.MyAddressTests"/>
  <system-out/>
</testsuite> <!-- mystoreTests.MyAddressTests -->
